<?xml version="1.0" encoding="UTF-8"?>
<!-- Generated by org.testng.reporters.JUnitReportReporter -->
<testsuite hostname="Sanju" failures="0" tests="1" name="POM_DDF_TestNG_BaseClass_UtilityClass.PBLoginTest1" time="10.757" errors="0" timestamp="2023-06-19T19:54:54 IST" skipped="0">
  <testcase classname="POM_DDF_TestNG_BaseClass_UtilityClass.PBLoginTest1" name="verifyFullName" time="10.757"/>
  <system-out/>
</testsuite> <!-- POM_DDF_TestNG_BaseClass_UtilityClass.PBLoginTest1 -->
