<?xml version="1.0" encoding="UTF-8"?>
<!-- Generated by org.testng.reporters.JUnitReportReporter -->
<testsuite hostname="Sanju" failures="0" tests="1" name="POM_DDF_TestNG.PBLoginTest1" time="12.553" errors="0" timestamp="2023-06-18T19:52:25 IST" skipped="0">
  <testcase classname="POM_DDF_TestNG.PBLoginTest1" name="verifyFullName" time="12.553"/>
  <system-out/>
</testsuite> <!-- POM_DDF_TestNG.PBLoginTest1 -->
