<?xml version="1.0" encoding="UTF-8"?>
<!-- Generated by org.testng.reporters.JUnitReportReporter -->
<testsuite hostname="Sanju" failures="0" tests="3" name="TestNG.example12_MultiBrowserTesting" time="26.950" errors="0" timestamp="2023-06-17T21:37:48 IST" skipped="0">
  <testcase classname="TestNG.example12_MultiBrowserTesting" name="TC1" time="9.088"/>
  <system-out/>
  <testcase classname="TestNG.example12_MultiBrowserTesting" name="TC1" time="9.996"/>
  <system-out/>
  <testcase classname="TestNG.example12_MultiBrowserTesting" name="TC1" time="7.866"/>
  <system-out/>
</testsuite> <!-- TestNG.example12_MultiBrowserTesting -->
