<?xml version="1.0" encoding="UTF-8"?>
<!-- Generated by org.testng.reporters.JUnitReportReporter -->
<testsuite hostname="Sanju" failures="0" tests="1" name="TestNG.example5_TestNGKeyword4_Timeouts" time="3.014" errors="0" timestamp="2023-06-09T20:20:11 IST" skipped="0">
  <testcase classname="TestNG.example5_TestNGKeyword4_Timeouts" name="TC1" time="3.014"/>
  <system-out>
    <![CDATA[--running TC1--]]>
  </system-out>
</testsuite> <!-- TestNG.example5_TestNGKeyword4_Timeouts -->
