<?xml version="1.0" encoding="UTF-8"?>
<!-- Generated by org.testng.reporters.JUnitReportReporter -->
<testsuite hostname="Sanju" failures="0" tests="1" name="TestNG.example11_Parallel2" time="12.396" errors="0" timestamp="2023-06-15T20:39:23 IST" skipped="0">
  <testcase classname="TestNG.example11_Parallel2" name="openGoogleApp" time="12.396"/>
  <system-out/>
</testsuite> <!-- TestNG.example11_Parallel2 -->
