<?xml version="1.0" encoding="UTF-8"?>
<!-- Generated by org.testng.reporters.JUnitReportReporter -->
<testsuite hostname="Sanju" failures="0" tests="1" name="TestNG.example11_Parallel1" time="11.021" errors="0" timestamp="2023-06-15T20:39:23 IST" skipped="0">
  <testcase classname="TestNG.example11_Parallel1" name="openFacebookApp" time="11.021"/>
  <system-out/>
</testsuite> <!-- TestNG.example11_Parallel1 -->
